Java HotSpot(TM) 64-Bit Server VM (25.45-b02) for windows-amd64 JRE (1.8.0_45-b15), built on Apr 30 2015 12:40:44 by "java_re" with MS VC++ 10.0 (VS2010)
Memory: 4k page, physical 8247616k(5435452k free), swap 16493392k(12985028k free)
CommandLine flags: -XX:CMSInitiatingOccupancyFraction=50 -XX:CMSMaxAbortablePrecleanTime=6000 -XX:+CMSParallelRemarkEnabled -XX:+CMSScavengeBeforeRemark -XX:ConcGCThreads=4 -XX:InitialHeapSize=536870912 -XX:MaxHeapSize=536870912 -XX:MaxTenuringThreshold=8 -XX:NewRatio=3 -XX:OldPLABSize=16 -XX:ParallelGCThreads=4 -XX:+ParallelRefProcEnabled -XX:PretenureSizeThreshold=67108864 -XX:+PrintGC -XX:+PrintGCApplicationStoppedTime -XX:+PrintGCDateStamps -XX:+PrintGCDetails -XX:+PrintGCTimeStamps -XX:+PrintHeapAtGC -XX:+PrintTenuringDistribution -XX:SurvivorRatio=4 -XX:TargetSurvivorRatio=90 -XX:ThreadStackSize=256 -XX:+UseCMSInitiatingOccupancyOnly -XX:+UseCompressedClassPointers -XX:+UseCompressedOops -XX:+UseConcMarkSweepGC -XX:-UseLargePagesIndividualAllocation -XX:+UseParNewGC 
2015-09-11T14:42:08.837+0200: 0.094: Total time for which application threads were stopped: 0.0000714 seconds, Stopping threads took: 0.0000115 seconds
2015-09-11T14:42:08.977+0200: 0.234: Total time for which application threads were stopped: 0.0001078 seconds, Stopping threads took: 0.0000112 seconds
2015-09-11T14:42:09.092+0200: 0.349: Total time for which application threads were stopped: 0.0000973 seconds, Stopping threads took: 0.0000099 seconds
2015-09-11T14:42:09.126+0200: 0.383: Total time for which application threads were stopped: 0.0001142 seconds, Stopping threads took: 0.0000122 seconds
2015-09-11T14:42:09.137+0200: 0.394: Total time for which application threads were stopped: 0.0001277 seconds, Stopping threads took: 0.0000182 seconds
2015-09-11T14:42:09.145+0200: 0.402: Total time for which application threads were stopped: 0.0001101 seconds, Stopping threads took: 0.0000166 seconds
{Heap before GC invocations=0 (full 0):
 par new generation   total 109248K, used 87424K [0x00000000e0000000, 0x00000000e8000000, 0x00000000e8000000)
  eden space 87424K, 100% used [0x00000000e0000000, 0x00000000e5560000, 0x00000000e5560000)
  from space 21824K,   0% used [0x00000000e5560000, 0x00000000e5560000, 0x00000000e6ab0000)
  to   space 21824K,   0% used [0x00000000e6ab0000, 0x00000000e6ab0000, 0x00000000e8000000)
 concurrent mark-sweep generation total 393216K, used 0K [0x00000000e8000000, 0x0000000100000000, 0x0000000100000000)
 Metaspace       used 9820K, capacity 10024K, committed 10240K, reserved 1058816K
  class space    used 1158K, capacity 1212K, committed 1280K, reserved 1048576K
2015-09-11T14:42:09.363+0200: 0.620: [GC (Allocation Failure) 0.620: [ParNew
Desired survivor size 20112992 bytes, new threshold 8 (max 8)
- age   1:    5356384 bytes,    5356384 total
: 87424K->5286K(109248K), 0.0043945 secs] 87424K->5286K(502464K), 0.0045100 secs] [Times: user=0.00 sys=0.00, real=0.00 secs] 
Heap after GC invocations=1 (full 0):
 par new generation   total 109248K, used 5286K [0x00000000e0000000, 0x00000000e8000000, 0x00000000e8000000)
  eden space 87424K,   0% used [0x00000000e0000000, 0x00000000e0000000, 0x00000000e5560000)
  from space 21824K,  24% used [0x00000000e6ab0000, 0x00000000e6fd99a8, 0x00000000e8000000)
  to   space 21824K,   0% used [0x00000000e5560000, 0x00000000e5560000, 0x00000000e6ab0000)
 concurrent mark-sweep generation total 393216K, used 0K [0x00000000e8000000, 0x0000000100000000, 0x0000000100000000)
 Metaspace       used 9820K, capacity 10024K, committed 10240K, reserved 1058816K
  class space    used 1158K, capacity 1212K, committed 1280K, reserved 1048576K
}
2015-09-11T14:42:09.367+0200: 0.624: Total time for which application threads were stopped: 0.0046678 seconds, Stopping threads took: 0.0000138 seconds
2015-09-11T14:42:09.471+0200: 0.728: Total time for which application threads were stopped: 0.0001382 seconds, Stopping threads took: 0.0000115 seconds
2015-09-11T14:42:09.665+0200: 0.922: Total time for which application threads were stopped: 0.0001891 seconds, Stopping threads took: 0.0000144 seconds
2015-09-11T14:42:09.665+0200: 0.922: Total time for which application threads were stopped: 0.0000877 seconds, Stopping threads took: 0.0000106 seconds
2015-09-11T14:42:09.668+0200: 0.925: Total time for which application threads were stopped: 0.0001462 seconds, Stopping threads took: 0.0000138 seconds
2015-09-11T14:42:09.796+0200: 1.053: Total time for which application threads were stopped: 0.0001994 seconds, Stopping threads took: 0.0000189 seconds
{Heap before GC invocations=1 (full 0):
 par new generation   total 109248K, used 92710K [0x00000000e0000000, 0x00000000e8000000, 0x00000000e8000000)
  eden space 87424K, 100% used [0x00000000e0000000, 0x00000000e5560000, 0x00000000e5560000)
  from space 21824K,  24% used [0x00000000e6ab0000, 0x00000000e6fd99a8, 0x00000000e8000000)
  to   space 21824K,   0% used [0x00000000e5560000, 0x00000000e5560000, 0x00000000e6ab0000)
 concurrent mark-sweep generation total 393216K, used 0K [0x00000000e8000000, 0x0000000100000000, 0x0000000100000000)
 Metaspace       used 17716K, capacity 17974K, committed 18176K, reserved 1064960K
  class space    used 2167K, capacity 2285K, committed 2304K, reserved 1048576K
2015-09-11T14:42:09.813+0200: 1.070: [GC (Allocation Failure) 1.070: [ParNew
Desired survivor size 20112992 bytes, new threshold 8 (max 8)
- age   1:    7911128 bytes,    7911128 total
- age   2:    2538392 bytes,   10449520 total
: 92710K->11845K(109248K), 0.0057458 secs] 92710K->11845K(502464K), 0.0058297 secs] [Times: user=0.00 sys=0.00, real=0.01 secs] 
Heap after GC invocations=2 (full 0):
 par new generation   total 109248K, used 11845K [0x00000000e0000000, 0x00000000e8000000, 0x00000000e8000000)
  eden space 87424K,   0% used [0x00000000e0000000, 0x00000000e0000000, 0x00000000e5560000)
  from space 21824K,  54% used [0x00000000e5560000, 0x00000000e60f1540, 0x00000000e6ab0000)
  to   space 21824K,   0% used [0x00000000e6ab0000, 0x00000000e6ab0000, 0x00000000e8000000)
 concurrent mark-sweep generation total 393216K, used 0K [0x00000000e8000000, 0x0000000100000000, 0x0000000100000000)
 Metaspace       used 17716K, capacity 17974K, committed 18176K, reserved 1064960K
  class space    used 2167K, capacity 2285K, committed 2304K, reserved 1048576K
}
2015-09-11T14:42:09.819+0200: 1.076: Total time for which application threads were stopped: 0.0059862 seconds, Stopping threads took: 0.0000208 seconds
2015-09-11T14:42:09.865+0200: 1.122: Total time for which application threads were stopped: 0.0004579 seconds, Stopping threads took: 0.0002422 seconds
2015-09-11T14:42:09.883+0200: 1.140: Total time for which application threads were stopped: 0.0005322 seconds, Stopping threads took: 0.0002976 seconds
{Heap before GC invocations=2 (full 0):
 par new generation   total 109248K, used 99269K [0x00000000e0000000, 0x00000000e8000000, 0x00000000e8000000)
  eden space 87424K, 100% used [0x00000000e0000000, 0x00000000e5560000, 0x00000000e5560000)
  from space 21824K,  54% used [0x00000000e5560000, 0x00000000e60f1540, 0x00000000e6ab0000)
  to   space 21824K,   0% used [0x00000000e6ab0000, 0x00000000e6ab0000, 0x00000000e8000000)
 concurrent mark-sweep generation total 393216K, used 0K [0x00000000e8000000, 0x0000000100000000, 0x0000000100000000)
 Metaspace       used 20170K, capacity 20550K, committed 20864K, reserved 1067008K
  class space    used 2465K, capacity 2613K, committed 2688K, reserved 1048576K
2015-09-11T14:42:09.952+0200: 1.209: [GC (Allocation Failure) 1.209: [ParNew
Desired survivor size 20112992 bytes, new threshold 8 (max 8)
- age   1:    1501456 bytes,    1501456 total
- age   2:    2433432 bytes,    3934888 total
- age   3:    2496872 bytes,    6431760 total
- age   4:        112 bytes,    6431872 total
: 99269K->8498K(109248K), 0.0040012 secs] 99269K->8498K(502464K), 0.0040425 secs] [Times: user=0.00 sys=0.00, real=0.00 secs] 
Heap after GC invocations=3 (full 0):
 par new generation   total 109248K, used 8498K [0x00000000e0000000, 0x00000000e8000000, 0x00000000e8000000)
  eden space 87424K,   0% used [0x00000000e0000000, 0x00000000e0000000, 0x00000000e5560000)
  from space 21824K,  38% used [0x00000000e6ab0000, 0x00000000e72fcba0, 0x00000000e8000000)
  to   space 21824K,   0% used [0x00000000e5560000, 0x00000000e5560000, 0x00000000e6ab0000)
 concurrent mark-sweep generation total 393216K, used 0K [0x00000000e8000000, 0x0000000100000000, 0x0000000100000000)
 Metaspace       used 20170K, capacity 20550K, committed 20864K, reserved 1067008K
  class space    used 2465K, capacity 2613K, committed 2688K, reserved 1048576K
}
2015-09-11T14:42:09.956+0200: 1.213: Total time for which application threads were stopped: 0.0042451 seconds, Stopping threads took: 0.0000240 seconds
2015-09-11T14:42:09.957+0200: 1.214: Total time for which application threads were stopped: 0.0002176 seconds, Stopping threads took: 0.0000195 seconds
2015-09-11T14:42:09.992+0200: 1.249: Total time for which application threads were stopped: 0.0000672 seconds, Stopping threads took: 0.0000150 seconds
2015-09-11T14:42:10.011+0200: 1.268: Total time for which application threads were stopped: 0.0000547 seconds, Stopping threads took: 0.0000125 seconds
2015-09-11T14:42:10.032+0200: 1.289: Total time for which application threads were stopped: 0.0000630 seconds, Stopping threads took: 0.0000138 seconds
2015-09-11T14:42:10.042+0200: 1.299: Total time for which application threads were stopped: 0.0000675 seconds, Stopping threads took: 0.0000147 seconds
2015-09-11T14:42:10.074+0200: 1.331: Total time for which application threads were stopped: 0.0000851 seconds, Stopping threads took: 0.0000154 seconds
2015-09-11T14:42:10.098+0200: 1.355: Total time for which application threads were stopped: 0.0000650 seconds, Stopping threads took: 0.0000154 seconds
2015-09-11T14:42:10.117+0200: 1.374: Total time for which application threads were stopped: 0.0000701 seconds, Stopping threads took: 0.0000195 seconds
2015-09-11T14:42:10.136+0200: 1.393: Total time for which application threads were stopped: 0.0000646 seconds, Stopping threads took: 0.0000147 seconds
2015-09-11T14:42:10.152+0200: 1.409: Total time for which application threads were stopped: 0.0000659 seconds, Stopping threads took: 0.0000198 seconds
2015-09-11T14:42:10.177+0200: 1.434: Total time for which application threads were stopped: 0.0000739 seconds, Stopping threads took: 0.0000195 seconds
2015-09-11T14:42:10.179+0200: 1.436: Total time for which application threads were stopped: 0.0002541 seconds, Stopping threads took: 0.0000179 seconds
2015-09-11T14:42:10.183+0200: 1.440: Total time for which application threads were stopped: 0.0004195 seconds, Stopping threads took: 0.0001386 seconds
2015-09-11T14:42:10.188+0200: 1.445: Total time for which application threads were stopped: 0.0000752 seconds, Stopping threads took: 0.0000208 seconds
2015-09-11T14:42:10.212+0200: 1.469: Total time for which application threads were stopped: 0.0000790 seconds, Stopping threads took: 0.0000150 seconds
2015-09-11T14:42:11.212+0200: 2.469: Total time for which application threads were stopped: 0.0000672 seconds, Stopping threads took: 0.0000275 seconds
2015-09-11T14:42:11.956+0200: 3.213: [GC (CMS Initial Mark) [1 CMS-initial-mark: 0K(393216K)] 52844K(502464K), 0.0034220 secs] [Times: user=0.00 sys=0.00, real=0.00 secs] 
2015-09-11T14:42:11.959+0200: 3.216: Total time for which application threads were stopped: 0.0035059 seconds, Stopping threads took: 0.0000131 seconds
2015-09-11T14:42:11.959+0200: 3.216: [CMS-concurrent-mark-start]
2015-09-11T14:42:11.959+0200: 3.216: [CMS-concurrent-mark: 0.000/0.000 secs] [Times: user=0.00 sys=0.00, real=0.00 secs] 
2015-09-11T14:42:11.959+0200: 3.216: [CMS-concurrent-preclean-start]
2015-09-11T14:42:11.960+0200: 3.217: [CMS-concurrent-preclean: 0.001/0.001 secs] [Times: user=0.00 sys=0.00, real=0.00 secs] 
